<?xml version="1.0" encoding="UTF-8"?>
<!-- Generated by org.testng.reporters.JUnitReportReporter -->
<testsuite hostname="DESKTOP-IK2B1ES" failures="0" tests="1" name="com.section1.Demo1" time="7.120" errors="0" timestamp="2023-01-06T11:50:25 IST" skipped="0">
  <testcase classname="com.section1.Demo1" name="amazon" time="7.120"/>
  <system-out/>
</testsuite> <!-- com.section1.Demo1 -->
