<?xml version="1.0" encoding="UTF-8"?>
<!-- Generated by org.testng.reporters.JUnitReportReporter -->
<testsuite hostname="DESKTOP-IK2B1ES" failures="0" tests="4" name="com.section1.Test123" time="26.040" errors="0" timestamp="2023-01-02T09:46:28 IST" skipped="0">
  <testcase classname="com.section1.Test123" name="ask" time="7.963"/>
  <system-out/>
  <testcase classname="com.section1.Test123" name="ask" time="6.651"/>
  <system-out/>
  <testcase classname="com.section1.Test123" name="ask" time="5.064"/>
  <system-out/>
  <testcase classname="com.section1.Test123" name="ask" time="6.362"/>
  <system-out/>
</testsuite> <!-- com.section1.Test123 -->
