<?xml version="1.0" encoding="UTF-8"?>
<!-- Generated by org.testng.reporters.JUnitReportReporter -->
<testsuite hostname="DESKTOP-IK2B1ES" failures="0" tests="1" name="com.section1.Demo" time="15.071" errors="0" timestamp="2022-12-29T17:36:27 IST" skipped="0">
  <testcase classname="com.section1.Demo" name="manage" time="15.071"/>
  <system-out/>
</testsuite> <!-- com.section1.Demo -->
